<?xml version="1.0" encoding="UTF-8"?>
<!-- Generated by org.testng.reporters.JUnitReportReporter -->
<testsuite hostname="KIRMAD" failures="0" tests="1" name="Part3.ABCProperties" time="18.332" errors="0" timestamp="30 Aug 2018 12:25:32 GMT" skipped="0">
  <testcase classname="Part3.ABCProperties" name="Login" time="18.332"/>
</testsuite> <!-- Part3.ABCProperties -->
