<?xml version="1.0" encoding="UTF-8"?>
<!-- Generated by org.testng.reporters.JUnitReportReporter -->
<testsuite hostname="KIRMAD" failures="0" tests="1" name="Part4_TestNG.hello" time="0.036" errors="0" timestamp="27 Aug 2018 13:27:47 GMT" skipped="0">
  <testcase classname="Part4_TestNG.hello" name="demo1" time="0.036"/>
</testsuite> <!-- Part4_TestNG.hello -->
