<?xml version="1.0" encoding="UTF-8"?>
<!-- Generated by org.testng.reporters.JUnitReportReporter -->
<testsuite hostname="KIRMAD" failures="0" tests="1" name="Part3.table" time="0.002" errors="0" timestamp="28 Aug 2018 10:13:59 GMT" skipped="0">
  <testcase classname="Part3.table" name="AlongMain" time="0.002"/>
</testsuite> <!-- Part3.table -->
