<?xml version="1.0" encoding="UTF-8"?>
<!-- Generated by org.testng.reporters.JUnitReportReporter -->
<testsuite hostname="KIRMAD" failures="0" tests="3" name="Part4_TestNG.hello" time="0.037" errors="0" timestamp="28 Aug 2018 11:56:28 GMT" skipped="0">
  <testcase classname="Part4_TestNG.hello" name="demo1" time="0.017"/>
  <testcase classname="Part4_TestNG.hello" name="demo2" time="0.014"/>
  <testcase classname="Part4_TestNG.hello" name="demo3" time="0.006"/>
</testsuite> <!-- Part4_TestNG.hello -->
