<?xml version="1.0" encoding="UTF-8"?>
<!-- Generated by org.testng.reporters.JUnitReportReporter -->
<testsuite hostname="KIRMAD" failures="0" tests="1" name="Part3.table" time="0.007" errors="0" timestamp="27 Aug 2018 11:57:33 GMT" skipped="0">
  <testcase classname="Part3.table" name="AlongMain" time="0.007"/>
</testsuite> <!-- Part3.table -->
